0 info it worked if it ends with ok
1 verbose cli [ 'C:\\Program Files\\nodejs\\\\node.exe',
1 verbose cli   'C:\\Program Files\\nodejs\\node_modules\\npm\\bin\\npm-cli.js',
1 verbose cli   'init' ]
2 info using npm@1.4.28
3 info using node@v0.10.36
4 verbose node symlink C:\Program Files\nodejs\\node.exe
5 silly package data undefined
6 info init written successfully
7 error Error: Invalid name: "Helga Engine"
7 error     at ensureValidName (C:\Program Files\nodejs\node_modules\npm\node_modules\read-package-json\node_modules\normalize-package-data\lib\fixer.js:315:15)
7 error     at Object.module.exports.fixNameField (C:\Program Files\nodejs\node_modules\npm\node_modules\read-package-json\node_modules\normalize-package-data\lib\fixer.js:204:5)
7 error     at C:\Program Files\nodejs\node_modules\npm\node_modules\read-package-json\node_modules\normalize-package-data\lib\normalize.js:30:38
7 error     at Array.forEach (native)
7 error     at normalize (C:\Program Files\nodejs\node_modules\npm\node_modules\read-package-json\node_modules\normalize-package-data\lib\normalize.js:29:15)
7 error     at final (C:\Program Files\nodejs\node_modules\npm\node_modules\read-package-json\read-json.js:342:33)
7 error     at then (C:\Program Files\nodejs\node_modules\npm\node_modules\read-package-json\read-json.js:126:33)
7 error     at C:\Program Files\nodejs\node_modules\npm\node_modules\read-package-json\read-json.js:240:59
7 error     at f (C:\Program Files\nodejs\node_modules\npm\node_modules\once\once.js:16:25)
7 error     at Glob.<anonymous> (C:\Program Files\nodejs\node_modules\npm\node_modules\glob\glob.js:100:7)
8 error If you need help, you may report this *entire* log,
8 error including the npm and node versions, at:
8 error     <http://github.com/npm/npm/issues>
9 error System Windows_NT 6.2.9200
10 error command "C:\\Program Files\\nodejs\\\\node.exe" "C:\\Program Files\\nodejs\\node_modules\\npm\\bin\\npm-cli.js" "init"
11 error cwd C:\Projects\helgaEngine
12 error node -v v0.10.36
13 error npm -v 1.4.28
14 verbose exit [ 1, true ]
